# JRE version: Java(TM) SE Runtime Environment (7.0_79-b15) (build 1.7.0_79-b15)
# Java VM: Java HotSpot(TM) 64-Bit Server VM (24.79-b02 mixed mode windows-amd64 compressed oops)
Heap
 PSYoungGen      total 284672K, used 114433K [0x00000000eaa80000, 0x00000000fd580000, 0x0000000100000000)
  eden space 263168K, 35% used [0x00000000eaa80000,0x00000000f05461c8,0x00000000fab80000)
  from space 21504K, 99% used [0x00000000fc080000,0x00000000fd57a290,0x00000000fd580000)
  to   space 21504K, 0% used [0x00000000fab80000,0x00000000fab80000,0x00000000fc080000)
 ParOldGen       total 348672K, used 14806K [0x00000000c0000000, 0x00000000d5480000, 0x00000000eaa80000)
  object space 348672K, 4% used [0x00000000c0000000,0x00000000c0e75b40,0x00000000d5480000)
 PSPermGen       total 21504K, used 6167K [0x00000000bae00000, 0x00000000bc300000, 0x00000000c0000000)
  object space 21504K, 28% used [0x00000000bae00000,0x00000000bb405e48,0x00000000bc300000)
GC Heap History (4 events):
Event: 1.920 GC heap before
{Heap before GC invocations=1 (full 0):
 PSYoungGen      total 153088K, used 131584K [0x00000000eaa80000, 0x00000000f5500000, 0x0000000100000000)
  eden space 131584K, 100% used [0x00000000eaa80000,0x00000000f2b00000,0x00000000f2b00000)
  from space 21504K, 0% used [0x00000000f4000000,0x00000000f4000000,0x00000000f5500000)
  to   space 21504K, 0% used [0x00000000f2b00000,0x00000000f2b00000,0x00000000f4000000)
 ParOldGen       total 348672K, used 0K [0x00000000c0000000, 0x00000000d5480000, 0x00000000eaa80000)
  object space 348672K, 0% used [0x00000000c0000000,0x00000000c0000000,0x00000000d5480000)
 PSPermGen       total 21504K, used 5858K [0x00000000bae00000, 0x00000000bc300000, 0x00000000c0000000)
  object space 21504K, 27% used [0x00000000bae00000,0x00000000bb3b8880,0x00000000bc300000)
Event: 1.966 GC heap after
Heap after GC invocations=1 (full 0):
 PSYoungGen      total 153088K, used 20057K [0x00000000eaa80000, 0x00000000fd580000, 0x0000000100000000)
  eden space 131584K, 0% used [0x00000000eaa80000,0x00000000eaa80000,0x00000000f2b00000)
  from space 21504K, 93% used [0x00000000f2b00000,0x00000000f3e96478,0x00000000f4000000)
  to   space 21504K, 0% used [0x00000000fc080000,0x00000000fc080000,0x00000000fd580000)
 ParOldGen       total 348672K, used 0K [0x00000000c0000000, 0x00000000d5480000, 0x00000000eaa80000)
  object space 348672K, 0% used [0x00000000c0000000,0x00000000c0000000,0x00000000d5480000)
 PSPermGen       total 21504K, used 5858K [0x00000000bae00000, 0x00000000bc300000, 0x00000000c0000000)
  object space 21504K, 27% used [0x00000000bae00000,0x00000000bb3b8880,0x00000000bc300000)
}
Event: 2.436 GC heap before
{Heap before GC invocations=2 (full 0):
 PSYoungGen      total 153088K, used 151641K [0x00000000eaa80000, 0x00000000fd580000, 0x0000000100000000)
  eden space 131584K, 100% used [0x00000000eaa80000,0x00000000f2b00000,0x00000000f2b00000)
  from space 21504K, 93% used [0x00000000f2b00000,0x00000000f3e96478,0x00000000f4000000)
  to   space 21504K, 0% used [0x00000000fc080000,0x00000000fc080000,0x00000000fd580000)
 ParOldGen       total 348672K, used 0K [0x00000000c0000000, 0x00000000d5480000, 0x00000000eaa80000)
  object space 348672K, 0% used [0x00000000c0000000,0x00000000c0000000,0x00000000d5480000)
 PSPermGen       total 21504K, used 5924K [0x00000000bae00000, 0x00000000bc300000, 0x00000000c0000000)
  object space 21504K, 27% used [0x00000000bae00000,0x00000000bb3c9208,0x00000000bc300000)
Event: 2.474 GC heap after
Heap after GC invocations=2 (full 0):
 PSYoungGen      total 284672K, used 21480K [0x00000000eaa80000, 0x00000000fd580000, 0x0000000100000000)
  eden space 263168K, 0% used [0x00000000eaa80000,0x00000000eaa80000,0x00000000fab80000)
  from space 21504K, 99% used [0x00000000fc080000,0x00000000fd57a290,0x00000000fd580000)
  to   space 21504K, 0% used [0x00000000fab80000,0x00000000fab80000,0x00000000fc080000)
 ParOldGen       total 348672K, used 14806K [0x00000000c0000000, 0x00000000d5480000, 0x00000000eaa80000)
  object space 348672K, 4% used [0x00000000c0000000,0x00000000c0e75b40,0x00000000d5480000)
 PSPermGen       total 21504K, used 5924K [0x00000000bae00000, 0x00000000bc300000, 0x00000000c0000000)
  object space 21504K, 27% used [0x00000000bae00000,0x00000000bb3c9208,0x00000000bc300000)
}

